<?xml version="1.0" encoding="UTF-8"?>
<coverage generated="1709235744176" clover="3.2.0">
  <project timestamp="1709235744176" name="All files">
    <metrics statements="48" coveredstatements="45" conditionals="18" coveredconditionals="15" methods="8" coveredmethods="8" elements="74" coveredelements="68" complexity="0" loc="48" ncloc="48" packages="1" files="4" classes="4"/>
    <file name="Registration_LoginService.js" path="C:\Users\otaja\Documents\Revature\Projects\Foundations_Project_Revature\src\service\Registration_LoginService.js">
      <metrics statements="21" coveredstatements="21" conditionals="10" coveredconditionals="10" methods="3" coveredmethods="3"/>
      <line num="1" count="1" type="stmt"/>
      <line num="2" count="1" type="stmt"/>
      <line num="7" count="3" type="cond" truecount="2" falsecount="0"/>
      <line num="8" count="1" type="stmt"/>
      <line num="13" count="2" type="stmt"/>
      <line num="15" count="2" type="stmt"/>
      <line num="23" count="2" type="cond" truecount="2" falsecount="0"/>
      <line num="24" count="1" type="stmt"/>
      <line num="26" count="1" type="stmt"/>
      <line num="34" count="3" type="cond" truecount="2" falsecount="0"/>
      <line num="35" count="1" type="stmt"/>
      <line num="40" count="2" type="stmt"/>
      <line num="42" count="2" type="stmt"/>
      <line num="50" count="2" type="cond" truecount="2" falsecount="0"/>
      <line num="51" count="1" type="stmt"/>
      <line num="53" count="1" type="stmt"/>
      <line num="61" count="2" type="stmt"/>
      <line num="62" count="2" type="cond" truecount="2" falsecount="0"/>
      <line num="63" count="1" type="stmt"/>
      <line num="65" count="1" type="stmt"/>
      <line num="70" count="1" type="stmt"/>
    </file>
    <file name="TicketProcessingService.js" path="C:\Users\otaja\Documents\Revature\Projects\Foundations_Project_Revature\src\service\TicketProcessingService.js">
      <metrics statements="5" coveredstatements="5" conditionals="0" coveredconditionals="0" methods="3" coveredmethods="3"/>
      <line num="1" count="1" type="stmt"/>
      <line num="6" count="2" type="stmt"/>
      <line num="11" count="2" type="stmt"/>
      <line num="16" count="2" type="stmt"/>
      <line num="19" count="1" type="stmt"/>
    </file>
    <file name="TicketSubmissionService.js" path="C:\Users\otaja\Documents\Revature\Projects\Foundations_Project_Revature\src\service\TicketSubmissionService.js">
      <metrics statements="19" coveredstatements="16" conditionals="8" coveredconditionals="5" methods="1" coveredmethods="1"/>
      <line num="1" count="1" type="stmt"/>
      <line num="2" count="1" type="stmt"/>
      <line num="9" count="2" type="stmt"/>
      <line num="12" count="2" type="stmt"/>
      <line num="15" count="2" type="cond" truecount="1" falsecount="1"/>
      <line num="16" count="0" type="stmt"/>
      <line num="18" count="2" type="stmt"/>
      <line num="20" count="2" type="cond" truecount="1" falsecount="1"/>
      <line num="21" count="0" type="stmt"/>
      <line num="23" count="2" type="stmt"/>
      <line num="25" count="2" type="cond" truecount="1" falsecount="1"/>
      <line num="26" count="0" type="stmt"/>
      <line num="28" count="2" type="stmt"/>
      <line num="30" count="2" type="stmt"/>
      <line num="32" count="2" type="stmt"/>
      <line num="43" count="2" type="cond" truecount="2" falsecount="0"/>
      <line num="44" count="1" type="stmt"/>
      <line num="46" count="1" type="stmt"/>
      <line num="50" count="1" type="stmt"/>
    </file>
    <file name="ViewPrevTicketsService.js" path="C:\Users\otaja\Documents\Revature\Projects\Foundations_Project_Revature\src\service\ViewPrevTicketsService.js">
      <metrics statements="3" coveredstatements="3" conditionals="0" coveredconditionals="0" methods="1" coveredmethods="1"/>
      <line num="1" count="1" type="stmt"/>
      <line num="5" count="2" type="stmt"/>
      <line num="8" count="1" type="stmt"/>
    </file>
  </project>
</coverage>
