{"C:\\Users\\otaja\\Documents\\Revature\\Projects\\Foundations_Project_Revature\\src\\service\\Registration_LoginService.js": {"path":"C:\\Users\\otaja\\Documents\\Revature\\Projects\\Foundations_Project_Revature\\src\\service\\Registration_LoginService.js","statementMap":{"0":{"start":{"line":1,"column":12},"end":{"line":1,"column":45}},"1":{"start":{"line":2,"column":15},"end":{"line":2,"column":30}},"2":{"start":{"line":7,"column":4},"end":{"line":28,"column":5}},"3":{"start":{"line":8,"column":8},"end":{"line":8,"column":21}},"4":{"start":{"line":13,"column":19},"end":{"line":13,"column":23}},"5":{"start":{"line":15,"column":26},"end":{"line":20,"column":9}},"6":{"start":{"line":23,"column":8},"end":{"line":27,"column":9}},"7":{"start":{"line":24,"column":12},"end":{"line":24,"column":24}},"8":{"start":{"line":26,"column":12},"end":{"line":26,"column":25}},"9":{"start":{"line":34,"column":4},"end":{"line":55,"column":5}},"10":{"start":{"line":35,"column":8},"end":{"line":35,"column":21}},"11":{"start":{"line":40,"column":19},"end":{"line":40,"column":23}},"12":{"start":{"line":42,"column":25},"end":{"line":47,"column":9}},"13":{"start":{"line":50,"column":8},"end":{"line":54,"column":9}},"14":{"start":{"line":51,"column":12},"end":{"line":51,"column":24}},"15":{"start":{"line":53,"column":12},"end":{"line":53,"column":25}},"16":{"start":{"line":61,"column":19},"end":{"line":61,"column":56}},"17":{"start":{"line":62,"column":4},"end":{"line":66,"column":5}},"18":{"start":{"line":63,"column":8},"end":{"line":63,"column":22}},"19":{"start":{"line":65,"column":8},"end":{"line":65,"column":21}},"20":{"start":{"line":70,"column":0},"end":{"line":74,"column":1}}},"fnMap":{"0":{"name":"registerEmployeeAccount","decl":{"start":{"line":5,"column":15},"end":{"line":5,"column":38}},"loc":{"start":{"line":5,"column":45},"end":{"line":29,"column":1}},"line":5},"1":{"name":"registerManagerAccount","decl":{"start":{"line":32,"column":16},"end":{"line":32,"column":38}},"loc":{"start":{"line":32,"column":45},"end":{"line":56,"column":1}},"line":32},"2":{"name":"getLoginUser","decl":{"start":{"line":60,"column":15},"end":{"line":60,"column":27}},"loc":{"start":{"line":60,"column":38},"end":{"line":67,"column":1}},"line":60}},"branchMap":{"0":{"loc":{"start":{"line":7,"column":4},"end":{"line":28,"column":5}},"type":"if","locations":[{"start":{"line":7,"column":4},"end":{"line":28,"column":5}},{"start":{"line":10,"column":9},"end":{"line":28,"column":5}}],"line":7},"1":{"loc":{"start":{"line":23,"column":8},"end":{"line":27,"column":9}},"type":"if","locations":[{"start":{"line":23,"column":8},"end":{"line":27,"column":9}},{"start":{"line":25,"column":14},"end":{"line":27,"column":9}}],"line":23},"2":{"loc":{"start":{"line":34,"column":4},"end":{"line":55,"column":5}},"type":"if","locations":[{"start":{"line":34,"column":4},"end":{"line":55,"column":5}},{"start":{"line":37,"column":9},"end":{"line":55,"column":5}}],"line":34},"3":{"loc":{"start":{"line":50,"column":8},"end":{"line":54,"column":9}},"type":"if","locations":[{"start":{"line":50,"column":8},"end":{"line":54,"column":9}},{"start":{"line":52,"column":14},"end":{"line":54,"column":9}}],"line":50},"4":{"loc":{"start":{"line":62,"column":4},"end":{"line":66,"column":5}},"type":"if","locations":[{"start":{"line":62,"column":4},"end":{"line":66,"column":5}},{"start":{"line":64,"column":10},"end":{"line":66,"column":5}}],"line":62}},"s":{"0":1,"1":1,"2":3,"3":1,"4":2,"5":2,"6":2,"7":1,"8":1,"9":3,"10":1,"11":2,"12":2,"13":2,"14":1,"15":1,"16":2,"17":2,"18":1,"19":1,"20":1},"f":{"0":3,"1":3,"2":2},"b":{"0":[1,2],"1":[1,1],"2":[1,2],"3":[1,1],"4":[1,1]},"_coverageSchema":"1a1c01bbd47fc00a2c39e90264f33305004495a9","hash":"4e420e5e17fc08acb70751a8f22c3afb430ee288"}
,"C:\\Users\\otaja\\Documents\\Revature\\Projects\\Foundations_Project_Revature\\src\\service\\TicketProcessingService.js": {"path":"C:\\Users\\otaja\\Documents\\Revature\\Projects\\Foundations_Project_Revature\\src\\service\\TicketProcessingService.js","statementMap":{"0":{"start":{"line":1,"column":66},"end":{"line":1,"column":101}},"1":{"start":{"line":6,"column":4},"end":{"line":6,"column":40}},"2":{"start":{"line":11,"column":4},"end":{"line":11,"column":36}},"3":{"start":{"line":16,"column":4},"end":{"line":16,"column":33}},"4":{"start":{"line":19,"column":0},"end":{"line":23,"column":1}}},"fnMap":{"0":{"name":"getAllUnprocTickets","decl":{"start":{"line":5,"column":15},"end":{"line":5,"column":34}},"loc":{"start":{"line":5,"column":37},"end":{"line":7,"column":1}},"line":5},"1":{"name":"approveTicket","decl":{"start":{"line":10,"column":15},"end":{"line":10,"column":28}},"loc":{"start":{"line":10,"column":31},"end":{"line":12,"column":1}},"line":10},"2":{"name":"denyTicket","decl":{"start":{"line":15,"column":15},"end":{"line":15,"column":25}},"loc":{"start":{"line":15,"column":28},"end":{"line":17,"column":1}},"line":15}},"branchMap":{},"s":{"0":1,"1":2,"2":2,"3":2,"4":1},"f":{"0":2,"1":2,"2":2},"b":{},"_coverageSchema":"1a1c01bbd47fc00a2c39e90264f33305004495a9","hash":"e7681807ce53c603003eeddeb3dd58fadad91858"}
,"C:\\Users\\otaja\\Documents\\Revature\\Projects\\Foundations_Project_Revature\\src\\service\\TicketSubmissionService.js": {"path":"C:\\Users\\otaja\\Documents\\Revature\\Projects\\Foundations_Project_Revature\\src\\service\\TicketSubmissionService.js","statementMap":{"0":{"start":{"line":1,"column":23},"end":{"line":1,"column":58}},"1":{"start":{"line":2,"column":15},"end":{"line":2,"column":30}},"2":{"start":{"line":9,"column":15},"end":{"line":9,"column":19}},"3":{"start":{"line":12,"column":17},"end":{"line":12,"column":27}},"4":{"start":{"line":15,"column":4},"end":{"line":19,"column":5}},"5":{"start":{"line":16,"column":8},"end":{"line":16,"column":41}},"6":{"start":{"line":18,"column":8},"end":{"line":18,"column":36}},"7":{"start":{"line":20,"column":4},"end":{"line":24,"column":5}},"8":{"start":{"line":21,"column":8},"end":{"line":21,"column":41}},"9":{"start":{"line":23,"column":8},"end":{"line":23,"column":36}},"10":{"start":{"line":25,"column":4},"end":{"line":29,"column":5}},"11":{"start":{"line":26,"column":8},"end":{"line":26,"column":37}},"12":{"start":{"line":28,"column":8},"end":{"line":28,"column":32}},"13":{"start":{"line":30,"column":17},"end":{"line":30,"column":108}},"14":{"start":{"line":32,"column":20},"end":{"line":40,"column":5}},"15":{"start":{"line":43,"column":4},"end":{"line":47,"column":5}},"16":{"start":{"line":44,"column":8},"end":{"line":44,"column":25}},"17":{"start":{"line":46,"column":8},"end":{"line":46,"column":21}},"18":{"start":{"line":50,"column":0},"end":{"line":52,"column":1}}},"fnMap":{"0":{"name":"postEmployeeTicket","decl":{"start":{"line":6,"column":15},"end":{"line":6,"column":33}},"loc":{"start":{"line":6,"column":40},"end":{"line":48,"column":1}},"line":6}},"branchMap":{"0":{"loc":{"start":{"line":15,"column":4},"end":{"line":19,"column":5}},"type":"if","locations":[{"start":{"line":15,"column":4},"end":{"line":19,"column":5}},{"start":{"line":17,"column":11},"end":{"line":19,"column":5}}],"line":15},"1":{"loc":{"start":{"line":20,"column":4},"end":{"line":24,"column":5}},"type":"if","locations":[{"start":{"line":20,"column":4},"end":{"line":24,"column":5}},{"start":{"line":22,"column":11},"end":{"line":24,"column":5}}],"line":20},"2":{"loc":{"start":{"line":25,"column":4},"end":{"line":29,"column":5}},"type":"if","locations":[{"start":{"line":25,"column":4},"end":{"line":29,"column":5}},{"start":{"line":27,"column":11},"end":{"line":29,"column":5}}],"line":25},"3":{"loc":{"start":{"line":43,"column":4},"end":{"line":47,"column":5}},"type":"if","locations":[{"start":{"line":43,"column":4},"end":{"line":47,"column":5}},{"start":{"line":45,"column":10},"end":{"line":47,"column":5}}],"line":43}},"s":{"0":1,"1":1,"2":2,"3":2,"4":2,"5":0,"6":2,"7":2,"8":0,"9":2,"10":2,"11":0,"12":2,"13":2,"14":2,"15":2,"16":1,"17":1,"18":1},"f":{"0":2},"b":{"0":[0,2],"1":[0,2],"2":[0,2],"3":[1,1]},"_coverageSchema":"1a1c01bbd47fc00a2c39e90264f33305004495a9","hash":"a69690e8097b1386a0edb45a5c8137d61578275c"}
,"C:\\Users\\otaja\\Documents\\Revature\\Projects\\Foundations_Project_Revature\\src\\service\\ViewPrevTicketsService.js": {"path":"C:\\Users\\otaja\\Documents\\Revature\\Projects\\Foundations_Project_Revature\\src\\service\\ViewPrevTicketsService.js","statementMap":{"0":{"start":{"line":1,"column":28},"end":{"line":1,"column":63}},"1":{"start":{"line":5,"column":4},"end":{"line":5,"column":42}},"2":{"start":{"line":8,"column":0},"end":{"line":10,"column":1}}},"fnMap":{"0":{"name":"viewMyTickets","decl":{"start":{"line":3,"column":15},"end":{"line":3,"column":28}},"loc":{"start":{"line":3,"column":38},"end":{"line":6,"column":1}},"line":3}},"branchMap":{},"s":{"0":1,"1":2,"2":1},"f":{"0":2},"b":{},"_coverageSchema":"1a1c01bbd47fc00a2c39e90264f33305004495a9","hash":"64774fa030b0654b8f7d7ffa36f7f10b1c72fed9"}
}
