TN:
SF:src\service\Registration_LoginService.js
FN:5,registerEmployeeAccount
FN:32,registerManagerAccount
FN:60,getLoginUser
FNF:3
FNH:3
FNDA:3,registerEmployeeAccount
FNDA:3,registerManagerAccount
FNDA:2,getLoginUser
DA:1,1
DA:2,1
DA:7,3
DA:8,1
DA:13,2
DA:15,2
DA:23,2
DA:24,1
DA:26,1
DA:34,3
DA:35,1
DA:40,2
DA:42,2
DA:50,2
DA:51,1
DA:53,1
DA:61,2
DA:62,2
DA:63,1
DA:65,1
DA:70,1
LF:21
LH:21
BRDA:7,0,0,1
BRDA:7,0,1,2
BRDA:23,1,0,1
BRDA:23,1,1,1
BRDA:34,2,0,1
BRDA:34,2,1,2
BRDA:50,3,0,1
BRDA:50,3,1,1
BRDA:62,4,0,1
BRDA:62,4,1,1
BRF:10
BRH:10
end_of_record
TN:
SF:src\service\TicketProcessingService.js
FN:5,getAllUnprocTickets
FN:10,approveTicket
FN:15,denyTicket
FNF:3
FNH:3
FNDA:2,getAllUnprocTickets
FNDA:2,approveTicket
FNDA:2,denyTicket
DA:1,1
DA:6,2
DA:11,2
DA:16,2
DA:19,1
LF:5
LH:5
BRF:0
BRH:0
end_of_record
TN:
SF:src\service\TicketSubmissionService.js
FN:6,postEmployeeTicket
FNF:1
FNH:1
FNDA:2,postEmployeeTicket
DA:1,1
DA:2,1
DA:9,2
DA:12,2
DA:15,2
DA:16,0
DA:18,2
DA:20,2
DA:21,0
DA:23,2
DA:25,2
DA:26,0
DA:28,2
DA:30,2
DA:32,2
DA:43,2
DA:44,1
DA:46,1
DA:50,1
LF:19
LH:16
BRDA:15,0,0,0
BRDA:15,0,1,2
BRDA:20,1,0,0
BRDA:20,1,1,2
BRDA:25,2,0,0
BRDA:25,2,1,2
BRDA:43,3,0,1
BRDA:43,3,1,1
BRF:8
BRH:5
end_of_record
TN:
SF:src\service\ViewPrevTicketsService.js
FN:3,viewMyTickets
FNF:1
FNH:1
FNDA:2,viewMyTickets
DA:1,1
DA:5,2
DA:8,1
LF:3
LH:3
BRF:0
BRH:0
end_of_record
